2023-07-10 10:38:41,997 - /: classic-editor was already active
2023-07-10 10:38:41,999 - /npartenh/: classic-editor was already active
2023-07-10 10:38:42,003 - /emix/: classic-editor was already active
2023-07-10 10:38:42,007 - /kboyd/: classic-editor was already active
2023-07-10 10:38:42,010 - /jspayne/: classic-editor was already active
2023-07-10 10:38:42,014 - /cob-internships/: classic-editor was already active
2023-07-10 10:38:42,017 - /convergegroup/: classic-editor was already active
2023-07-10 10:38:42,020 - /booth/: classic-editor was already active
2023-07-10 10:38:42,024 - /cophs-newsletter/: classic-editor was already active
2023-07-10 10:38:42,028 - /panopto/: classic-editor was already active
2023-07-10 10:38:42,033 - /dawgblog/: classic-editor was already active
2023-07-10 10:38:42,037 - /butlerlib/: classic-editor was already active
2023-07-10 10:38:42,040 - /timroe/: classic-editor was already active
2023-07-10 10:38:42,044 - /busf/: classic-editor was already active
2023-07-10 10:38:42,047 - /eco/: classic-editor was already active
2023-07-10 10:38:42,051 - /bquarles/: classic-editor was already active
2023-07-10 10:38:42,054 - /cstanley/: classic-editor was already active
2023-07-10 10:38:42,295 - /jblackpo/: 
2023-07-10 10:38:42,297 - /abosse/: classic-editor was already active
2023-07-10 10:38:42,299 - /abrackma/: classic-editor was already active
2023-07-10 10:38:42,301 - /kbrannen/: classic-editor was already active
2023-07-10 10:38:42,539 - /sburnett/: 
2023-07-10 10:38:42,764 - /nbushong/: 
2023-07-10 10:38:42,768 - /lechapma/: classic-editor was already active
2023-07-10 10:38:42,772 - /bconnett/: classic-editor was already active
2023-07-10 10:38:42,775 - /hcurpier/: classic-editor was already active
2023-07-10 10:38:42,779 - /mdettmer/: classic-editor was already active
2023-07-10 10:38:42,783 - /jgoodwin/: classic-editor was already active
2023-07-10 10:38:42,787 - /lhannah/: classic-editor was already active
2023-07-10 10:38:42,791 - /ahibshma/: classic-editor was already active
2023-07-10 10:38:42,795 - /ekirby/: classic-editor was already active
2023-07-10 10:38:42,798 - /semartin/: classic-editor was already active
2023-07-10 10:38:42,801 - /stmay/: classic-editor was already active
2023-07-10 10:38:43,033 - /smcdonal/: 
2023-07-10 10:38:43,037 - /vorech/: classic-editor was already active
2023-07-10 10:38:43,040 - /ksaks/: classic-editor was already active
2023-07-10 10:38:43,044 - /jesmith1/: classic-editor was already active
2023-07-10 10:38:43,047 - /asoltis/: classic-editor was already active
2023-07-10 10:38:43,050 - /mtrainor/: classic-editor was already active
2023-07-10 10:38:43,054 - /awessels/: classic-editor was already active
2023-07-10 10:38:43,057 - /mlc/: classic-editor was already active
2023-07-10 10:38:43,061 - /healthyhorizons/: classic-editor was already active
2023-07-10 10:38:43,276 - /hillel/: 
2023-07-10 10:38:43,278 - /mmmayhew/: classic-editor was already active
2023-07-10 10:38:43,281 - /rx320dhc/: classic-editor was already active
2023-07-10 10:38:43,283 - /grao/: classic-editor was already active
2023-07-10 10:38:43,286 - /teamkristen/: classic-editor was already active
2023-07-10 10:38:43,288 - /teamlauren/: classic-editor was already active
2023-07-10 10:38:43,520 - /seriouslyfunny/: 
2023-07-10 10:38:43,524 - /mattmaurer/: classic-editor was already active
2023-07-10 10:38:43,754 - /maurertest/: 
2023-07-10 10:38:43,759 - /school60/: classic-editor was already active
2023-07-10 10:38:43,764 - /ed307/: classic-editor was already active
2023-07-10 10:38:43,768 - /sfurunes/: classic-editor was already active
2023-07-10 10:38:43,772 - /testblog/: classic-editor was already active
2023-07-10 10:38:43,776 - /rx414/: classic-editor was already active
2023-07-10 10:38:43,780 - /tuesamlab/: classic-editor was already active
2023-07-10 10:38:43,784 - /wedamlab/: classic-editor was already active
2023-07-10 10:38:43,788 - /friamlab/: classic-editor was already active
2023-07-10 10:38:43,793 - /tuespmlab/: classic-editor was already active
2023-07-10 10:38:43,797 - /mmaurer/: classic-editor was already active
2023-07-10 10:38:43,800 - /fys-sam/: classic-editor was already active
2023-07-10 10:38:43,805 - /lfanders/: classic-editor was already active
2023-07-10 10:38:43,808 - /bbabbitt/: classic-editor was already active
2023-07-10 10:38:43,813 - /mbinch/: classic-editor was already active
2023-07-10 10:38:43,816 - /jcaleca/: classic-editor was already active
2023-07-10 10:38:43,820 - /cchamp/: classic-editor was already active
2023-07-10 10:38:43,823 - /emhill/: classic-editor was already active
2023-07-10 10:38:43,827 - /khoff/: classic-editor was already active
2023-07-10 10:38:43,832 - /lahyde/: classic-editor was already active
2023-07-10 10:38:43,836 - /kkoehlin/: classic-editor was already active
2023-07-10 10:38:43,840 - /almills1/: classic-editor was already active
2023-07-10 10:38:43,844 - /rmphipps/: classic-editor was already active
2023-07-10 10:38:43,848 - /lvoelker/: classic-editor was already active
2023-07-10 10:38:43,853 - /jvoltz/: classic-editor was already active
2023-07-10 10:38:43,858 - /eqwelch/: classic-editor was already active
2023-07-10 10:38:43,862 - /eweubbe/: classic-editor was already active
2023-07-10 10:38:43,866 - /aprush/: classic-editor was already active
2023-07-10 10:38:43,870 - /awevans/: classic-editor was already active
2023-07-10 10:38:43,873 - /dpatel1/: classic-editor was already active
2023-07-10 10:38:43,876 - /ralsman/: classic-editor was already active
2023-07-10 10:38:44,108 - /abestler/: 
2023-07-10 10:38:44,113 - /apalmer/: classic-editor was already active
2023-07-10 10:38:44,117 - /jlysaker/: classic-editor was already active
2023-07-10 10:38:44,345 - /aammermu/: 
2023-07-10 10:38:44,622 - /tamon/: 
2023-07-10 10:38:44,856 - /jmcobb/: 
2023-07-10 10:38:45,084 - /mcrocket/: 
2023-07-10 10:38:45,316 - /cfoley/: 
2023-07-10 10:38:45,542 - /mharbiso/: 
